Release 14.7 - xst P.20131013 (nt64)
Copyright (c) 1995-2013 Xilinx, Inc.  All rights reserved.
--> Parameter TMPDIR set to xst/projnav.tmp


Total REAL time to Xst completion: 0.00 secs
Total CPU time to Xst completion: 0.09 secs
 
--> Parameter xsthdpdir set to xst


Total REAL time to Xst completion: 0.00 secs
Total CPU time to Xst completion: 0.09 secs
 
--> Reading design: ALU.prj

TABLE OF CONTENTS
  1) Synthesis Options Summary
  2) HDL Compilation
  3) Design Hierarchy Analysis
  4) HDL Analysis
  5) HDL Synthesis
     5.1) HDL Synthesis Report
  6) Advanced HDL Synthesis
     6.1) Advanced HDL Synthesis Report
  7) Low Level Synthesis
  8) Partition Report
  9) Final Report
	9.1) Device utilization summary
	9.2) Partition Resource Summary
	9.3) TIMING REPORT


=========================================================================
*                      Synthesis Options Summary                        *
=========================================================================
---- Source Parameters
Input File Name                    : "ALU.prj"
Input Format                       : mixed
Ignore Synthesis Constraint File   : NO

---- Target Parameters
Output File Name                   : "ALU"
Output Format                      : NGC
Target Device                      : xc3s50a-5-tq144

---- Source Options
Top Module Name                    : ALU
Automatic FSM Extraction           : YES
FSM Encoding Algorithm             : Auto
Safe Implementation                : No
FSM Style                          : LUT
RAM Extraction                     : Yes
RAM Style                          : Auto
ROM Extraction                     : Yes
Mux Style                          : Auto
Decoder Extraction                 : YES
Priority Encoder Extraction        : Yes
Shift Register Extraction          : YES
Logical Shifter Extraction         : YES
XOR Collapsing                     : YES
ROM Style                          : Auto
Mux Extraction                     : Yes
Resource Sharing                   : YES
Asynchronous To Synchronous        : NO
Multiplier Style                   : Auto
Automatic Register Balancing       : No

---- Target Options
Add IO Buffers                     : YES
Global Maximum Fanout              : 100000
Add Generic Clock Buffer(BUFG)     : 24
Register Duplication               : YES
Slice Packing                      : YES
Optimize Instantiated Primitives   : NO
Use Clock Enable                   : Yes
Use Synchronous Set                : Yes
Use Synchronous Reset              : Yes
Pack IO Registers into IOBs        : Auto
Equivalent register Removal        : YES

---- General Options
Optimization Goal                  : Speed
Optimization Effort                : 1
Keep Hierarchy                     : No
Netlist Hierarchy                  : As_Optimized
RTL Output                         : Yes
Global Optimization                : AllClockNets
Read Cores                         : YES
Write Timing Constraints           : NO
Cross Clock Analysis               : NO
Hierarchy Separator                : /
Bus Delimiter                      : <>
Case Specifier                     : Maintain
Slice Utilization Ratio            : 100
BRAM Utilization Ratio             : 100
Verilog 2001                       : YES
Auto BRAM Packing                  : NO
Slice Utilization Ratio Delta      : 5

=========================================================================


=========================================================================
*                          HDL Compilation                              *
=========================================================================
Compiling vhdl file "C:/Users/ja/Desktop/work/FPGA/projekty/ALU/ALU.vhd" in Library work.
Entity <alu> compiled.
Entity <alu> (Architecture <behavioral>) compiled.

=========================================================================
*                     Design Hierarchy Analysis                         *
=========================================================================
Analyzing hierarchy for entity <ALU> in library <work> (architecture <behavioral>).


=========================================================================
*                            HDL Analysis                               *
=========================================================================
Analyzing Entity <ALU> in library <work> (Architecture <behavioral>).
Entity <ALU> analyzed. Unit <ALU> generated.


=========================================================================
*                           HDL Synthesis                               *
=========================================================================

Performing bidirectional port resolution...

Synthesizing Unit <ALU>.
    Related source file is "C:/Users/ja/Desktop/work/FPGA/projekty/ALU/ALU.vhd".
    Found 8-bit comparator less for signal <STS_0$cmp_lt0000> created at line 118.
    Found 8-bit comparator greater for signal <STS_1$cmp_gt0000> created at line 119.
    Found 8-bit comparator equal for signal <STS_2$cmp_eq0000> created at line 121.
    Found 8-bit xor3 for signal <SUM>.
    Found 8-bit 4-to-1 multiplexer for signal <WML>.
    Found 1-bit xor2 for signal <WUL<30>>.
    Found 1-bit xor2 for signal <WUL<26>>.
    Found 1-bit xor2 for signal <WUL<22>>.
    Found 1-bit xor2 for signal <WUL<18>>.
    Found 1-bit xor2 for signal <WUL<14>>.
    Found 1-bit xor2 for signal <WUL<10>>.
    Found 1-bit xor2 for signal <WUL<6>>.
    Found 1-bit xor2 for signal <WUL<2>>.
    Summary:
	inferred   3 Comparator(s).
	inferred   8 Multiplexer(s).
	inferred   8 Xor(s).
Unit <ALU> synthesized.


=========================================================================
HDL Synthesis Report

Macro Statistics
# Comparators                                          : 3
 8-bit comparator equal                                : 1
 8-bit comparator greater                              : 1
 8-bit comparator less                                 : 1
# Multiplexers                                         : 8
 1-bit 4-to-1 multiplexer                              : 8
# Xors                                                 : 16
 1-bit xor2                                            : 8
 1-bit xor3                                            : 8

=========================================================================

=========================================================================
*                       Advanced HDL Synthesis                          *
=========================================================================


=========================================================================
Advanced HDL Synthesis Report

Macro Statistics
# Comparators                                          : 3
 8-bit comparator equal                                : 1
 8-bit comparator greater                              : 1
 8-bit comparator less                                 : 1
# Multiplexers                                         : 8
 1-bit 4-to-1 multiplexer                              : 8
# Xors                                                 : 16
 1-bit xor2                                            : 8
 1-bit xor3                                            : 8

=========================================================================

=========================================================================
*                         Low Level Synthesis                           *
=========================================================================

Optimizing unit <ALU> ...

Mapping all equations...
Building and optimizing final netlist ...
Found area constraint ratio of 100 (+ 5) on block ALU, actual ratio is 9.

Final Macro Processing ...

=========================================================================
Final Register Report

Found no macro
=========================================================================

=========================================================================
*                           Partition Report                            *
=========================================================================

Partition Implementation Status
-------------------------------

  No Partitions were found in this design.

-------------------------------

=========================================================================
*                            Final Report                               *
=========================================================================
Final Results
RTL Top Level Output File Name     : ALU.ngr
Top Level Output File Name         : ALU
Output Format                      : NGC
Optimization Goal                  : Speed
Keep Hierarchy                     : No

Design Statistics
# IOs                              : 34

Cell Usage :
# BELS                             : 110
#      INV                         : 1
#      LUT2                        : 22
#      LUT3                        : 12
#      LUT4                        : 46
#      MUXCY                       : 16
#      MUXF5                       : 12
#      VCC                         : 1
# IO Buffers                       : 34
#      IBUF                        : 22
#      OBUF                        : 12
=========================================================================

Device utilization summary:
---------------------------

Selected Device : 3s50atq144-5 

 Number of Slices:                       43  out of    704     6%  
 Number of 4 input LUTs:                 81  out of   1408     5%  
 Number of IOs:                          34
 Number of bonded IOBs:                  34  out of    108    31%  

---------------------------
Partition Resource Summary:
---------------------------

  No Partitions were found in this design.

---------------------------


=========================================================================
TIMING REPORT

NOTE: THESE TIMING NUMBERS ARE ONLY A SYNTHESIS ESTIMATE.
      FOR ACCURATE TIMING INFORMATION PLEASE REFER TO THE TRACE REPORT
      GENERATED AFTER PLACE-and-ROUTE.

Clock Information:
------------------
No clock signals found in this design

Asynchronous Control Signals Information:
----------------------------------------
No asynchronous control signals found in this design

Timing Summary:
---------------
Speed Grade: -5

   Minimum period: No path found
   Minimum input arrival time before clock: No path found
   Maximum output required time after clock: No path found
   Maximum combinational path delay: 18.094ns

Timing Detail:
--------------
All values displayed in nanoseconds (ns)

=========================================================================
Timing constraint: Default path analysis
  Total number of paths / destination ports: 2767 / 12
-------------------------------------------------------------------------
Delay:               18.094ns (Levels of Logic = 17)
  Source:            S<0> (PAD)
  Destination:       Y<6> (PAD)

  Data Path: S<0> to Y<6>
                                Gate     Net
    Cell:in->out      fanout   Delay   Delay  Logical Name (Net Name)
    ----------------------------------------  ------------
     IBUF:I->O            27   0.824   1.095  S_0_IBUF (S_0_IBUF)
     LUT3:I2->O            2   0.561   0.446  UW_0_or00001 (UW<0>)
     LUT3:I1->O            1   0.562   0.465  C_1_or00001 (C<1>)
     LUT3:I0->O            4   0.561   0.607  C_2_or00001 (C<2>)
     LUT4:I0->O            1   0.561   0.000  C_3_or000011 (C_3_or00001)
     MUXF5:I1->O           4   0.229   0.607  C_3_or00001_f5 (C<3>)
     LUT4:I0->O            1   0.561   0.000  C_4_or000011 (C_4_or00001)
     MUXF5:I1->O           4   0.229   0.607  C_4_or00001_f5 (C<4>)
     LUT4:I0->O            1   0.561   0.000  C_5_or000011 (C_5_or00001)
     MUXF5:I1->O           4   0.229   0.607  C_5_or00001_f5 (C<5>)
     LUT4:I0->O            1   0.561   0.000  C_6_or000011 (C_6_or00001)
     MUXF5:I1->O           4   0.229   0.522  C_6_or00001_f5 (C<6>)
     LUT4:I2->O            2   0.561   0.403  WM_6_mux0000_SW0 (N44)
     LUT4:I2->O            2   0.561   0.403  WM_6_mux0000 (WM<6>)
     LUT3:I2->O            1   0.561   0.000  Y_6_or0000_F (N62)
     MUXF5:I0->O           1   0.229   0.357  Y_6_or0000 (Y_6_OBUF)
     OBUF:I->O                 4.396          Y_6_OBUF (Y<6>)
    ----------------------------------------
    Total                     18.094ns (11.976ns logic, 6.118ns route)
                                       (66.2% logic, 33.8% route)

=========================================================================


Total REAL time to Xst completion: 5.00 secs
Total CPU time to Xst completion: 5.12 secs
 
--> 

Total memory usage is 258608 kilobytes

Number of errors   :    0 (   0 filtered)
Number of warnings :    0 (   0 filtered)
Number of infos    :    0 (   0 filtered)

